<?xml version="1.0" encoding="UTF-8"?>
<testng-results ignored="0" total="1" passed="1" failed="0" skipped="0">
  <reporter-output>
  </reporter-output>
  <suite started-at="2026-01-17T15:58:46 IST" name="Default suite" finished-at="2026-01-17T15:58:50 IST" duration-ms="3677">
    <groups>
    </groups>
    <test started-at="2026-01-17T15:58:46 IST" name="Default test" finished-at="2026-01-17T15:58:50 IST" duration-ms="3677">
      <class name="com.yourcompany.tests.tests.LoginTest">
        <test-method is-config="true" signature="setup()[pri:0, instance:com.yourcompany.tests.tests.LoginTest@3eb25e1a]" started-at="2026-01-17T15:58:47 IST" name="setup" finished-at="2026-01-17T15:58:49 IST" duration-ms="1239" status="PASS">
          <reporter-output>
          </reporter-output>
        </test-method> <!-- setup -->
        <test-method signature="testLogin(java.lang.String,java.lang.String)[pri:0, instance:com.yourcompany.tests.tests.LoginTest@3eb25e1a]" started-at="2026-01-17T15:58:49 IST" name="testLogin" data-provider="loginData" finished-at="2026-01-17T15:58:50 IST" duration-ms="1443" status="PASS">
          <params>
            <param index="0">
              <value>
                <![CDATA[akshay]]>
              </value>
            </param>
            <param index="1">
              <value>
                <![CDATA[akugale27@]]>
              </value>
            </param>
          </params>
          <reporter-output>
          </reporter-output>
        </test-method> <!-- testLogin -->
        <test-method is-config="true" signature="tearDown()[pri:0, instance:com.yourcompany.tests.tests.LoginTest@3eb25e1a]" started-at="2026-01-17T15:58:50 IST" name="tearDown" finished-at="2026-01-17T15:58:50 IST" duration-ms="189" status="PASS">
          <reporter-output>
          </reporter-output>
        </test-method> <!-- tearDown -->
      </class> <!-- com.yourcompany.tests.tests.LoginTest -->
    </test> <!-- Default test -->
  </suite> <!-- Default suite -->
</testng-results>
